0 verbose cli /usr/local/bin/node /usr/local/bin/npm
1 info using npm@9.5.1
2 info using node@v18.16.1
3 timing npm:load:whichnode Completed in 1ms
4 timing config:load:defaults Completed in 1ms
5 timing config:load:file:/usr/local/lib/node_modules/npm/npmrc Completed in 1ms
6 timing config:load:builtin Completed in 1ms
7 timing config:load:cli Completed in 1ms
8 timing config:load:env Completed in 0ms
9 timing config:load:project Completed in 2ms
10 timing config:load:file:/home/app/.npmrc Completed in 1ms
11 timing config:load:user Completed in 1ms
12 timing config:load:file:/usr/local/etc/npmrc Completed in 0ms
13 timing config:load:global Completed in 0ms
14 timing config:load:setEnvs Completed in 1ms
15 timing config:load Completed in 7ms
16 timing npm:load:configload Completed in 7ms
17 timing npm:load:mkdirpcache Completed in 2ms
18 timing npm:load:mkdirplogs Completed in 2ms
19 verbose title npm start
20 verbose argv "start"
21 timing npm:load:setTitle Completed in 1ms
22 timing config:load:flatten Completed in 3ms
23 timing npm:load:display Completed in 3ms
24 verbose logfile logs-max:10 dir:/home/app/.npm/_logs/2023-06-25T15_34_20_431Z-
25 verbose logfile /home/app/.npm/_logs/2023-06-25T15_34_20_431Z-debug-0.log
26 timing npm:load:logFile Completed in 11ms
27 timing npm:load:timers Completed in 0ms
28 timing npm:load:configScope Completed in 0ms
29 timing npm:load Completed in 29ms
30 silly logfile done cleaning log files
31 timing command:run-script Completed in 85ms
32 timing command:start Completed in 88ms
33 verbose stack Error: Missing script: "start"
33 verbose stack
33 verbose stack Did you mean one of these?
33 verbose stack     npm star # Mark your favorite packages
33 verbose stack     npm stars # View packages marked as favorites
33 verbose stack
33 verbose stack To see a list of scripts, run:
33 verbose stack   npm run
33 verbose stack     at RunScript.run (/usr/local/lib/node_modules/npm/lib/commands/run-script.js:99:13)
33 verbose stack     at async module.exports (/usr/local/lib/node_modules/npm/lib/cli.js:134:5)
34 verbose cwd /home/app
35 verbose Linux 5.10.102.1-microsoft-standard-WSL2
36 verbose node v18.16.1
37 verbose npm  v9.5.1
38 error Missing script: "start"
38 error
38 error Did you mean one of these?
38 error     npm star # Mark your favorite packages
38 error     npm stars # View packages marked as favorites
38 error
38 error To see a list of scripts, run:
38 error   npm run
39 verbose exit 1
40 timing npm Completed in 131ms
41 verbose code 1
42 error A complete log of this run can be found in:
42 error     /home/app/.npm/_logs/2023-06-25T15_34_20_431Z-debug-0.log
