0 verbose cli /usr/local/bin/node /usr/local/bin/npm
1 info using npm@9.5.1
2 info using node@v18.16.1
3 timing npm:load:whichnode Completed in 2ms
4 timing config:load:defaults Completed in 1ms
5 timing config:load:file:/usr/local/lib/node_modules/npm/npmrc Completed in 0ms
6 timing config:load:builtin Completed in 1ms
7 timing config:load:cli Completed in 1ms
8 timing config:load:env Completed in 0ms
9 timing config:load:project Completed in 1ms
10 timing config:load:file:/home/app/.npmrc Completed in 1ms
11 timing config:load:user Completed in 1ms
12 timing config:load:file:/usr/local/etc/npmrc Completed in 0ms
13 timing config:load:global Completed in 0ms
14 timing config:load:setEnvs Completed in 1ms
15 timing config:load Completed in 7ms
16 timing npm:load:configload Completed in 7ms
17 timing npm:load:mkdirpcache Completed in 2ms
18 timing npm:load:mkdirplogs Completed in 2ms
19 verbose title npm start
20 verbose argv "start"
21 timing npm:load:setTitle Completed in 1ms
22 timing config:load:flatten Completed in 3ms
23 timing npm:load:display Completed in 4ms
24 verbose logfile logs-max:10 dir:/home/app/.npm/_logs/2023-06-25T14_46_46_105Z-
25 verbose logfile /home/app/.npm/_logs/2023-06-25T14_46_46_105Z-debug-0.log
26 timing npm:load:logFile Completed in 11ms
27 timing npm:load:timers Completed in 0ms
28 timing npm:load:configScope Completed in 0ms
29 timing npm:load Completed in 29ms
30 silly logfile done cleaning log files
31 timing command:run-script Completed in 946527ms
32 timing command:start Completed in 946529ms
33 verbose stack Error: command failed
33 verbose stack     at ChildProcess.<anonymous> (/usr/local/lib/node_modules/npm/node_modules/@npmcli/promise-spawn/lib/index.js:53:27)
33 verbose stack     at ChildProcess.emit (node:events:513:28)
33 verbose stack     at maybeClose (node:internal/child_process:1091:16)
33 verbose stack     at ChildProcess._handle.onexit (node:internal/child_process:302:5)
34 verbose pkgid docker-test@0.1.0
35 verbose cwd /home/app
36 verbose Linux 5.10.102.1-microsoft-standard-WSL2
37 verbose node v18.16.1
38 verbose npm  v9.5.1
39 error path /home/app
40 error command failed
41 error signal SIGTERM
42 error command sh -c react-scripts start
43 verbose exit 1
44 timing npm Completed in 946572ms
45 verbose code 1
46 error A complete log of this run can be found in:
46 error     /home/app/.npm/_logs/2023-06-25T14_46_46_105Z-debug-0.log
