0 verbose cli /usr/local/bin/node /usr/local/bin/npm
1 info using npm@9.5.1
2 info using node@v18.16.1
3 timing npm:load:whichnode Completed in 2ms
4 timing config:load:defaults Completed in 1ms
5 timing config:load:file:/usr/local/lib/node_modules/npm/npmrc Completed in 1ms
6 timing config:load:builtin Completed in 1ms
7 timing config:load:cli Completed in 1ms
8 timing config:load:env Completed in 0ms
9 timing config:load:project Completed in 2ms
10 timing config:load:file:/home/app/.npmrc Completed in 1ms
11 timing config:load:user Completed in 1ms
12 timing config:load:file:/usr/local/etc/npmrc Completed in 0ms
13 timing config:load:global Completed in 0ms
14 timing config:load:setEnvs Completed in 1ms
15 timing config:load Completed in 7ms
16 timing npm:load:configload Completed in 7ms
17 timing npm:load:mkdirpcache Completed in 1ms
18 timing npm:load:mkdirplogs Completed in 2ms
19 verbose title npm start
20 verbose argv "start"
21 timing npm:load:setTitle Completed in 1ms
22 timing config:load:flatten Completed in 3ms
23 timing npm:load:display Completed in 4ms
24 verbose logfile logs-max:10 dir:/home/app/.npm/_logs/2023-06-25T14_44_14_980Z-
25 verbose logfile /home/app/.npm/_logs/2023-06-25T14_44_14_980Z-debug-0.log
26 timing npm:load:logFile Completed in 11ms
27 timing npm:load:timers Completed in 0ms
28 timing npm:load:configScope Completed in 0ms
29 timing npm:load Completed in 29ms
30 silly logfile done cleaning log files
31 http fetch GET 200 https://registry.npmjs.org/npm 387ms (cache miss)
32 http fetch GET 200 https://registry.npmjs.org/npm 473ms (cache miss)
33 timing command:run-script Completed in 128815ms
34 timing command:start Completed in 128818ms
35 notice
35 notice New minor version of npm available! 9.5.1 -> 9.7.2
35 notice Changelog: <https://github.com/npm/cli/releases/tag/v9.7.2>
35 notice Run `npm install -g npm@9.7.2` to update!
35 notice
36 verbose stack Error: command failed
36 verbose stack     at ChildProcess.<anonymous> (/usr/local/lib/node_modules/npm/node_modules/@npmcli/promise-spawn/lib/index.js:53:27)
36 verbose stack     at ChildProcess.emit (node:events:513:28)
36 verbose stack     at maybeClose (node:internal/child_process:1091:16)
36 verbose stack     at ChildProcess._handle.onexit (node:internal/child_process:302:5)
37 verbose pkgid docker-test@0.1.0
38 verbose cwd /home/app
39 verbose Linux 5.10.102.1-microsoft-standard-WSL2
40 verbose node v18.16.1
41 verbose npm  v9.5.1
42 error path /home/app
43 error command failed
44 error signal SIGTERM
45 error command sh -c react-scripts start
46 verbose exit 1
47 timing npm Completed in 128862ms
48 verbose code 1
49 error A complete log of this run can be found in:
49 error     /home/app/.npm/_logs/2023-06-25T14_44_14_980Z-debug-0.log
